# JRE version: OpenJDK Runtime Environment JBR-17.0.12+1-1207.37-nomod (17.0.12+1) (build 17.0.12+1-b1207.37)
# Java VM: OpenJDK 64-Bit Server VM JBR-17.0.12+1-1207.37-nomod (17.0.12+1-b1207.37, mixed mode, sharing, tiered, compressed oops, compressed class ptrs, g1 gc, windows-amd64)
GC Precious Log:
 CPUs: 8 total, 8 available
 Memory: 7967M
 Large Page Support: Disabled
 NUMA Support: Disabled
 Compressed Oops: Enabled (32-bit)
 Heap Region Size: 1M
 Heap Min Capacity: 8M
 Heap Initial Capacity: 126M
 Heap Max Capacity: 1992M
 Pre-touch: Disabled
 Parallel Workers: 8
 Concurrent Workers: 2
 Concurrent Refinement Workers: 8
 Periodic GC: Disabled
Heap:
 garbage-first heap   total 142336K, used 109420K [0x0000000083800000, 0x0000000100000000)
  region size 1024K, 59 young (60416K), 5 survivors (5120K)
 Metaspace       used 98147K, committed 98944K, reserved 1179648K
  class space    used 13192K, committed 13568K, reserved 1048576K
GC Heap History (20 events):
Event: 11.320 GC heap before
{Heap before GC invocations=25 (full 0):
 garbage-first heap   total 142336K, used 116124K [0x0000000083800000, 0x0000000100000000)
  region size 1024K, 76 young (77824K), 5 survivors (5120K)
 Metaspace       used 82577K, committed 83200K, reserved 1179648K
  class space    used 11421K, committed 11712K, reserved 1048576K
}
Event: 11.326 GC heap after
{Heap after GC invocations=26 (full 0):
 garbage-first heap   total 142336K, used 48557K [0x0000000083800000, 0x0000000100000000)
  region size 1024K, 10 young (10240K), 10 survivors (10240K)
 Metaspace       used 82577K, committed 83200K, reserved 1179648K
  class space    used 11421K, committed 11712K, reserved 1048576K
}
Event: 214.785 GC heap before
{Heap before GC invocations=26 (full 0):
 garbage-first heap   total 142336K, used 114093K [0x0000000083800000, 0x0000000100000000)
  region size 1024K, 75 young (76800K), 10 survivors (10240K)
 Metaspace       used 89575K, committed 90304K, reserved 1179648K
  class space    used 12468K, committed 12800K, reserved 1048576K
}
Event: 214.989 GC heap after
{Heap after GC invocations=27 (full 0):
 garbage-first heap   total 142336K, used 52163K [0x0000000083800000, 0x0000000100000000)
  region size 1024K, 4 young (4096K), 4 survivors (4096K)
 Metaspace       used 89575K, committed 90304K, reserved 1179648K
  class space    used 12468K, committed 12800K, reserved 1048576K
}
Event: 371.969 GC heap before
{Heap before GC invocations=27 (full 0):
 garbage-first heap   total 142336K, used 114627K [0x0000000083800000, 0x0000000100000000)
  region size 1024K, 66 young (67584K), 4 survivors (4096K)
 Metaspace       used 92785K, committed 93504K, reserved 1179648K
  class space    used 12783K, committed 13120K, reserved 1048576K
}
Event: 372.032 GC heap after
{Heap after GC invocations=28 (full 0):
 garbage-first heap   total 142336K, used 52487K [0x0000000083800000, 0x0000000100000000)
  region size 1024K, 4 young (4096K), 4 survivors (4096K)
 Metaspace       used 92785K, committed 93504K, reserved 1179648K
  class space    used 12783K, committed 13120K, reserved 1048576K
}
Event: 492.088 GC heap before
{Heap before GC invocations=28 (full 0):
 garbage-first heap   total 142336K, used 125191K [0x0000000083800000, 0x0000000100000000)
  region size 1024K, 68 young (69632K), 4 survivors (4096K)
 Metaspace       used 96417K, committed 97216K, reserved 1179648K
  class space    used 13189K, committed 13568K, reserved 1048576K
}
Event: 492.193 GC heap after
{Heap after GC invocations=29 (full 0):
 garbage-first heap   total 142336K, used 55403K [0x0000000083800000, 0x0000000100000000)
  region size 1024K, 7 young (7168K), 7 survivors (7168K)
 Metaspace       used 96417K, committed 97216K, reserved 1179648K
  class space    used 13189K, committed 13568K, reserved 1048576K
}
Event: 498.763 GC heap before
{Heap before GC invocations=29 (full 0):
 garbage-first heap   total 142336K, used 116843K [0x0000000083800000, 0x0000000100000000)
  region size 1024K, 68 young (69632K), 7 survivors (7168K)
 Metaspace       used 96831K, committed 97600K, reserved 1179648K
  class space    used 13191K, committed 13568K, reserved 1048576K
}
Event: 498.782 GC heap after
{Heap after GC invocations=30 (full 0):
 garbage-first heap   total 142336K, used 55272K [0x0000000083800000, 0x0000000100000000)
  region size 1024K, 5 young (5120K), 5 survivors (5120K)
 Metaspace       used 96831K, committed 97600K, reserved 1179648K
  class space    used 13191K, committed 13568K, reserved 1048576K
}
Event: 502.844 GC heap before
{Heap before GC invocations=30 (full 0):
 garbage-first heap   total 142336K, used 117736K [0x0000000083800000, 0x0000000100000000)
  region size 1024K, 67 young (68608K), 5 survivors (5120K)
 Metaspace       used 97164K, committed 97920K, reserved 1179648K
  class space    used 13191K, committed 13568K, reserved 1048576K
}
Event: 502.853 GC heap after
{Heap after GC invocations=31 (full 0):
 garbage-first heap   total 142336K, used 55360K [0x0000000083800000, 0x0000000100000000)
  region size 1024K, 5 young (5120K), 5 survivors (5120K)
 Metaspace       used 97164K, committed 97920K, reserved 1179648K
  class space    used 13191K, committed 13568K, reserved 1048576K
}
Event: 508.042 GC heap before
{Heap before GC invocations=31 (full 0):
 garbage-first heap   total 142336K, used 118848K [0x0000000083800000, 0x0000000100000000)
  region size 1024K, 68 young (69632K), 5 survivors (5120K)
 Metaspace       used 97352K, committed 98112K, reserved 1179648K
  class space    used 13191K, committed 13568K, reserved 1048576K
}
Event: 508.050 GC heap after
{Heap after GC invocations=32 (full 0):
 garbage-first heap   total 142336K, used 55322K [0x0000000083800000, 0x0000000100000000)
  region size 1024K, 5 young (5120K), 5 survivors (5120K)
 Metaspace       used 97352K, committed 98112K, reserved 1179648K
  class space    used 13191K, committed 13568K, reserved 1048576K
}
Event: 515.813 GC heap before
{Heap before GC invocations=32 (full 0):
 garbage-first heap   total 142336K, used 120858K [0x0000000083800000, 0x0000000100000000)
  region size 1024K, 69 young (70656K), 5 survivors (5120K)
 Metaspace       used 97618K, committed 98368K, reserved 1179648K
  class space    used 13191K, committed 13568K, reserved 1048576K
}
Event: 515.820 GC heap after
{Heap after GC invocations=33 (full 0):
 garbage-first heap   total 142336K, used 55491K [0x0000000083800000, 0x0000000100000000)
  region size 1024K, 5 young (5120K), 5 survivors (5120K)
 Metaspace       used 97618K, committed 98368K, reserved 1179648K
  class space    used 13191K, committed 13568K, reserved 1048576K
}
Event: 520.283 GC heap before
{Heap before GC invocations=33 (full 0):
 garbage-first heap   total 142336K, used 122051K [0x0000000083800000, 0x0000000100000000)
  region size 1024K, 70 young (71680K), 5 survivors (5120K)
 Metaspace       used 97695K, committed 98432K, reserved 1179648K
  class space    used 13191K, committed 13568K, reserved 1048576K
}
Event: 520.293 GC heap after
{Heap after GC invocations=34 (full 0):
 garbage-first heap   total 142336K, used 55229K [0x0000000083800000, 0x0000000100000000)
  region size 1024K, 5 young (5120K), 5 survivors (5120K)
 Metaspace       used 97695K, committed 98432K, reserved 1179648K
  class space    used 13191K, committed 13568K, reserved 1048576K
}
Event: 523.709 GC heap before
{Heap before GC invocations=34 (full 0):
 garbage-first heap   total 142336K, used 121789K [0x0000000083800000, 0x0000000100000000)
  region size 1024K, 70 young (71680K), 5 survivors (5120K)
 Metaspace       used 98035K, committed 98816K, reserved 1179648K
  class space    used 13191K, committed 13568K, reserved 1048576K
}
Event: 523.718 GC heap after
{Heap after GC invocations=35 (full 0):
 garbage-first heap   total 142336K, used 55148K [0x0000000083800000, 0x0000000100000000)
  region size 1024K, 5 young (5120K), 5 survivors (5120K)
 Metaspace       used 98035K, committed 98816K, reserved 1179648K
  class space    used 13191K, committed 13568K, reserved 1048576K
}

