# JRE version: OpenJDK Runtime Environment JBR-17.0.12+1-1207.37-nomod (17.0.12+1) (build 17.0.12+1-b1207.37)
# Java VM: OpenJDK 64-Bit Server VM JBR-17.0.12+1-1207.37-nomod (17.0.12+1-b1207.37, mixed mode, sharing, tiered, compressed oops, compressed class ptrs, g1 gc, windows-amd64)
GC Precious Log:
 CPUs: 8 total, 8 available
 Memory: 7967M
 Large Page Support: Disabled
 NUMA Support: Disabled
 Compressed Oops: Enabled (32-bit)
 Heap Region Size: 1M
 Heap Min Capacity: 8M
 Heap Initial Capacity: 126M
 Heap Max Capacity: 1992M
 Pre-touch: Disabled
 Parallel Workers: 8
 Concurrent Workers: 2
 Concurrent Refinement Workers: 8
 Periodic GC: Disabled
Heap:
 garbage-first heap   total 55296K, used 35480K [0x0000000083800000, 0x0000000100000000)
  region size 1024K, 16 young (16384K), 3 survivors (3072K)
 Metaspace       used 47508K, committed 47936K, reserved 1114112K
  class space    used 6346K, committed 6592K, reserved 1048576K
GC Heap History (20 events):
Event: 0.957 GC heap before
{Heap before GC invocations=0 (full 0):
 garbage-first heap   total 129024K, used 23552K [0x0000000083800000, 0x0000000100000000)
  region size 1024K, 23 young (23552K), 0 survivors (0K)
 Metaspace       used 5470K, committed 5632K, reserved 1114112K
  class space    used 640K, committed 704K, reserved 1048576K
}
Event: 0.960 GC heap after
{Heap after GC invocations=1 (full 0):
 garbage-first heap   total 129024K, used 6911K [0x0000000083800000, 0x0000000100000000)
  region size 1024K, 3 young (3072K), 3 survivors (3072K)
 Metaspace       used 5470K, committed 5632K, reserved 1114112K
  class space    used 640K, committed 704K, reserved 1048576K
}
Event: 1.461 GC heap before
{Heap before GC invocations=1 (full 0):
 garbage-first heap   total 129024K, used 36607K [0x0000000083800000, 0x0000000100000000)
  region size 1024K, 33 young (33792K), 3 survivors (3072K)
 Metaspace       used 13747K, committed 13952K, reserved 1114112K
  class space    used 1712K, committed 1792K, reserved 1048576K
}
Event: 1.466 GC heap after
{Heap after GC invocations=2 (full 0):
 garbage-first heap   total 129024K, used 9775K [0x0000000083800000, 0x0000000100000000)
  region size 1024K, 3 young (3072K), 3 survivors (3072K)
 Metaspace       used 13747K, committed 13952K, reserved 1114112K
  class space    used 1712K, committed 1792K, reserved 1048576K
}
Event: 2.698 GC heap before
{Heap before GC invocations=2 (full 0):
 garbage-first heap   total 129024K, used 61999K [0x0000000083800000, 0x0000000100000000)
  region size 1024K, 56 young (57344K), 3 survivors (3072K)
 Metaspace       used 21283K, committed 21504K, reserved 1114112K
  class space    used 2659K, committed 2752K, reserved 1048576K
}
Event: 2.705 GC heap after
{Heap after GC invocations=3 (full 0):
 garbage-first heap   total 129024K, used 14582K [0x0000000083800000, 0x0000000100000000)
  region size 1024K, 8 young (8192K), 8 survivors (8192K)
 Metaspace       used 21283K, committed 21504K, reserved 1114112K
  class space    used 2659K, committed 2752K, reserved 1048576K
}
Event: 3.338 GC heap before
{Heap before GC invocations=4 (full 0):
 garbage-first heap   total 55296K, used 39158K [0x0000000083800000, 0x0000000100000000)
  region size 1024K, 32 young (32768K), 8 survivors (8192K)
 Metaspace       used 24129K, committed 24384K, reserved 1114112K
  class space    used 3033K, committed 3136K, reserved 1048576K
}
Event: 3.344 GC heap after
{Heap after GC invocations=5 (full 0):
 garbage-first heap   total 55296K, used 16643K [0x0000000083800000, 0x0000000100000000)
  region size 1024K, 3 young (3072K), 3 survivors (3072K)
 Metaspace       used 24129K, committed 24384K, reserved 1114112K
  class space    used 3033K, committed 3136K, reserved 1048576K
}
Event: 3.369 GC heap before
{Heap before GC invocations=5 (full 0):
 garbage-first heap   total 55296K, used 17667K [0x0000000083800000, 0x0000000100000000)
  region size 1024K, 4 young (4096K), 3 survivors (3072K)
 Metaspace       used 24165K, committed 24384K, reserved 1114112K
  class space    used 3040K, committed 3136K, reserved 1048576K
}
Event: 3.372 GC heap after
{Heap after GC invocations=6 (full 0):
 garbage-first heap   total 55296K, used 16951K [0x0000000083800000, 0x0000000100000000)
  region size 1024K, 1 young (1024K), 1 survivors (1024K)
 Metaspace       used 24165K, committed 24384K, reserved 1114112K
  class space    used 3040K, committed 3136K, reserved 1048576K
}
Event: 4.218 GC heap before
{Heap before GC invocations=6 (full 0):
 garbage-first heap   total 55296K, used 38455K [0x0000000083800000, 0x0000000100000000)
  region size 1024K, 22 young (22528K), 1 survivors (1024K)
 Metaspace       used 27697K, committed 28032K, reserved 1114112K
  class space    used 3541K, committed 3712K, reserved 1048576K
}
Event: 4.222 GC heap after
{Heap after GC invocations=7 (full 0):
 garbage-first heap   total 55296K, used 18802K [0x0000000083800000, 0x0000000100000000)
  region size 1024K, 3 young (3072K), 3 survivors (3072K)
 Metaspace       used 27697K, committed 28032K, reserved 1114112K
  class space    used 3541K, committed 3712K, reserved 1048576K
}
Event: 5.419 GC heap before
{Heap before GC invocations=7 (full 0):
 garbage-first heap   total 55296K, used 39282K [0x0000000083800000, 0x0000000100000000)
  region size 1024K, 23 young (23552K), 3 survivors (3072K)
 Metaspace       used 31246K, committed 31616K, reserved 1114112K
  class space    used 4023K, committed 4224K, reserved 1048576K
}
Event: 5.424 GC heap after
{Heap after GC invocations=8 (full 0):
 garbage-first heap   total 55296K, used 20522K [0x0000000083800000, 0x0000000100000000)
  region size 1024K, 2 young (2048K), 2 survivors (2048K)
 Metaspace       used 31246K, committed 31616K, reserved 1114112K
  class space    used 4023K, committed 4224K, reserved 1048576K
}
Event: 6.122 GC heap before
{Heap before GC invocations=8 (full 0):
 garbage-first heap   total 55296K, used 39978K [0x0000000083800000, 0x0000000100000000)
  region size 1024K, 21 young (21504K), 2 survivors (2048K)
 Metaspace       used 34154K, committed 34624K, reserved 1114112K
  class space    used 4437K, committed 4672K, reserved 1048576K
}
Event: 6.126 GC heap after
{Heap after GC invocations=9 (full 0):
 garbage-first heap   total 55296K, used 21784K [0x0000000083800000, 0x0000000100000000)
  region size 1024K, 2 young (2048K), 2 survivors (2048K)
 Metaspace       used 34154K, committed 34624K, reserved 1114112K
  class space    used 4437K, committed 4672K, reserved 1048576K
}
Event: 6.325 GC heap before
{Heap before GC invocations=9 (full 0):
 garbage-first heap   total 55296K, used 25880K [0x0000000083800000, 0x0000000100000000)
  region size 1024K, 7 young (7168K), 2 survivors (2048K)
 Metaspace       used 35595K, committed 35968K, reserved 1114112K
  class space    used 4674K, committed 4864K, reserved 1048576K
}
Event: 6.327 GC heap after
{Heap after GC invocations=10 (full 0):
 garbage-first heap   total 55296K, used 21877K [0x0000000083800000, 0x0000000100000000)
  region size 1024K, 2 young (2048K), 2 survivors (2048K)
 Metaspace       used 35595K, committed 35968K, reserved 1114112K
  class space    used 4674K, committed 4864K, reserved 1048576K
}
Event: 7.044 GC heap before
{Heap before GC invocations=11 (full 0):
 garbage-first heap   total 55296K, used 41333K [0x0000000083800000, 0x0000000100000000)
  region size 1024K, 22 young (22528K), 2 survivors (2048K)
 Metaspace       used 41109K, committed 41536K, reserved 1114112K
  class space    used 5511K, committed 5696K, reserved 1048576K
}
Event: 7.048 GC heap after
{Heap after GC invocations=12 (full 0):
 garbage-first heap   total 55296K, used 23192K [0x0000000083800000, 0x0000000100000000)
  region size 1024K, 3 young (3072K), 3 survivors (3072K)
 Metaspace       used 41109K, committed 41536K, reserved 1114112K
  class space    used 5511K, committed 5696K, reserved 1048576K
}

